Traceback (most recent call last):
  File "/Users/johnmyers/miniconda3/envs/python-2023-12/lib/python3.10/site-packages/jupyter_cache/executors/utils.py", line 58, in single_nb_execution
    executenb(
  File "/Users/johnmyers/miniconda3/envs/python-2023-12/lib/python3.10/site-packages/nbclient/client.py", line 1305, in execute
    return NotebookClient(nb=nb, resources=resources, km=km, **kwargs).execute()
  File "/Users/johnmyers/miniconda3/envs/python-2023-12/lib/python3.10/site-packages/jupyter_core/utils/__init__.py", line 173, in wrapped
    return loop.run_until_complete(inner)
  File "/Users/johnmyers/miniconda3/envs/python-2023-12/lib/python3.10/asyncio/base_events.py", line 649, in run_until_complete
    return future.result()
  File "/Users/johnmyers/miniconda3/envs/python-2023-12/lib/python3.10/site-packages/nbclient/client.py", line 705, in async_execute
    await self.async_execute_cell(
  File "/Users/johnmyers/miniconda3/envs/python-2023-12/lib/python3.10/site-packages/nbclient/client.py", line 1058, in async_execute_cell
    await self._check_raise_for_error(cell, cell_index, exec_reply)
  File "/Users/johnmyers/miniconda3/envs/python-2023-12/lib/python3.10/site-packages/nbclient/client.py", line 914, in _check_raise_for_error
    raise CellExecutionError.from_cell_and_msg(cell, exec_reply_content)
nbclient.exceptions.CellExecutionError: An error occurred while executing the following cell:
------------------
import scipy as sp

Theta = sp.stats.beta(a=6, b=2)
theta = np.linspace(0, 1, 150)

plt.plot(theta, Theta.pdf(theta))
plt.xlabel(r'$\theta$')
plt.ylabel('probability density')
plt.suptitle(r'$\theta \sim \mathcal{B}eta(6,2)$')
plt.tight_layout()

```{margin}

Of course, there are infinitely many distributions on the interval $(0,1)$ with an expected value of $0.75$, so our choice of a $\mathcal{B}eta(6,2)$ distribution is by no means the only one. Choosing these "prior distributions" can be quite difficult in general, and there are many considerations that go into making a good choice. Our choice of a beta distribution is primarily motivated according to [these](https://en.wikipedia.org/wiki/Conjugate_prior) reasons.
------------------


[0;36m  Cell [0;32mIn[9], line 12[0;36m[0m
[0;31m    ```{margin}[0m
[0m    ^[0m
[0;31mSyntaxError[0m[0;31m:[0m invalid syntax


